./src/main/java/junit/textui/TestRunner.java
./src/main/java/junit/textui/package-info.java
./src/main/java/junit/textui/ResultPrinter.java
./src/main/java/junit/extensions/TestDecorator.java
./src/main/java/junit/extensions/RepeatedTest.java
./src/main/java/junit/extensions/ActiveTestSuite.java
./src/main/java/junit/extensions/TestSetup.java
./src/main/java/junit/extensions/package-info.java
./src/main/java/junit/framework/Protectable.java
./src/main/java/junit/framework/TestSuite.java
./src/main/java/junit/framework/TestResult.java
./src/main/java/junit/framework/JUnit4TestAdapter.java
./src/main/java/junit/framework/AssertionFailedError.java
./src/main/java/junit/framework/Assert.java
./src/main/java/junit/framework/ComparisonCompactor.java
./src/main/java/junit/framework/TestListener.java
./src/main/java/junit/framework/JUnit4TestCaseFacade.java
./src/main/java/junit/framework/Test.java
./src/main/java/junit/framework/TestFailure.java
./src/main/java/junit/framework/JUnit4TestAdapterCache.java
./src/main/java/junit/framework/TestCase.java
./src/main/java/junit/framework/package-info.java
./src/main/java/junit/framework/ComparisonFailure.java
./src/main/java/junit/runner/TestRunListener.java
./src/main/java/junit/runner/BaseTestRunner.java
./src/main/java/junit/runner/package-info.java
./src/main/java/junit/runner/Version.java
./src/main/java/org/junit/BeforeClass.java
./src/main/java/org/junit/runners/ParentRunner.java
./src/main/java/org/junit/runners/Suite.java
./src/main/java/org/junit/runners/AllTests.java
./src/main/java/org/junit/runners/parameterized/ParametersRunnerFactory.java
./src/main/java/org/junit/runners/parameterized/TestWithParameters.java
./src/main/java/org/junit/runners/parameterized/BlockJUnit4ClassRunnerWithParametersFactory.java
./src/main/java/org/junit/runners/parameterized/BlockJUnit4ClassRunnerWithParameters.java
./src/main/java/org/junit/runners/JUnit4.java
./src/main/java/org/junit/runners/model/MultipleFailureException.java
./src/main/java/org/junit/runners/model/RunnerBuilder.java
./src/main/java/org/junit/runners/model/Statement.java
./src/main/java/org/junit/runners/model/TestClass.java
./src/main/java/org/junit/runners/model/RunnerScheduler.java
./src/main/java/org/junit/runners/model/Annotatable.java
./src/main/java/org/junit/runners/model/NoGenericTypeParametersValidator.java
./src/main/java/org/junit/runners/model/TestTimedOutException.java
./src/main/java/org/junit/runners/model/FrameworkMethod.java
./src/main/java/org/junit/runners/model/FrameworkMember.java
./src/main/java/org/junit/runners/model/FrameworkField.java
./src/main/java/org/junit/runners/model/InitializationError.java
./src/main/java/org/junit/runners/Parameterized.java
./src/main/java/org/junit/runners/BlockJUnit4ClassRunner.java
./src/main/java/org/junit/runners/package-info.java
./src/main/java/org/junit/runners/MethodSorters.java
./src/main/java/org/junit/AssumptionViolatedException.java
./src/main/java/org/junit/Ignore.java
./src/main/java/org/junit/Assert.java
./src/main/java/org/junit/ClassRule.java
./src/main/java/org/junit/Before.java
./src/main/java/org/junit/validator/AnnotationValidatorFactory.java
./src/main/java/org/junit/validator/AnnotationsValidator.java
./src/main/java/org/junit/validator/AnnotationValidator.java
./src/main/java/org/junit/validator/ValidateWith.java
./src/main/java/org/junit/validator/PublicClassValidator.java
./src/main/java/org/junit/validator/TestClassValidator.java
./src/main/java/org/junit/internal/ArrayComparisonFailure.java
./src/main/java/org/junit/internal/runners/statements/RunBefores.java
./src/main/java/org/junit/internal/runners/statements/ExpectException.java
./src/main/java/org/junit/internal/runners/statements/RunAfters.java
./src/main/java/org/junit/internal/runners/statements/InvokeMethod.java
./src/main/java/org/junit/internal/runners/statements/FailOnTimeout.java
./src/main/java/org/junit/internal/runners/statements/Fail.java
./src/main/java/org/junit/internal/runners/ClassRoadie.java
./src/main/java/org/junit/internal/runners/MethodRoadie.java
./src/main/java/org/junit/internal/runners/TestClass.java
./src/main/java/org/junit/internal/runners/ErrorReportingRunner.java
./src/main/java/org/junit/internal/runners/rules/RuleMemberValidator.java
./src/main/java/org/junit/internal/runners/rules/ValidationError.java
./src/main/java/org/junit/internal/runners/SuiteMethod.java
./src/main/java/org/junit/internal/runners/TestMethod.java
./src/main/java/org/junit/internal/runners/JUnit4ClassRunner.java
./src/main/java/org/junit/internal/runners/model/MultipleFailureException.java
./src/main/java/org/junit/internal/runners/model/EachTestNotifier.java
./src/main/java/org/junit/internal/runners/model/ReflectiveCallable.java
./src/main/java/org/junit/internal/runners/JUnit38ClassRunner.java
./src/main/java/org/junit/internal/runners/MethodValidator.java
./src/main/java/org/junit/internal/runners/package-info.java
./src/main/java/org/junit/internal/runners/FailedBefore.java
./src/main/java/org/junit/internal/runners/InitializationError.java
./src/main/java/org/junit/internal/AssumptionViolatedException.java
./src/main/java/org/junit/internal/JUnitSystem.java
./src/main/java/org/junit/internal/RealSystem.java
./src/main/java/org/junit/internal/ExactComparisonCriteria.java
./src/main/java/org/junit/internal/TextListener.java
./src/main/java/org/junit/internal/Classes.java
./src/main/java/org/junit/internal/builders/AllDefaultPossibilitiesBuilder.java
./src/main/java/org/junit/internal/builders/JUnit4Builder.java
./src/main/java/org/junit/internal/builders/AnnotatedBuilder.java
./src/main/java/org/junit/internal/builders/NullBuilder.java
./src/main/java/org/junit/internal/builders/IgnoredBuilder.java
./src/main/java/org/junit/internal/builders/SuiteMethodBuilder.java
./src/main/java/org/junit/internal/builders/JUnit3Builder.java
./src/main/java/org/junit/internal/builders/IgnoredClassRunner.java
./src/main/java/org/junit/internal/Throwables.java
./src/main/java/org/junit/internal/ComparisonCriteria.java
./src/main/java/org/junit/internal/requests/SortingRequest.java
./src/main/java/org/junit/internal/requests/ClassRequest.java
./src/main/java/org/junit/internal/requests/FilterRequest.java
./src/main/java/org/junit/internal/requests/package-info.java
./src/main/java/org/junit/internal/MethodSorter.java
./src/main/java/org/junit/internal/matchers/ThrowableMessageMatcher.java
./src/main/java/org/junit/internal/matchers/TypeSafeMatcher.java
./src/main/java/org/junit/internal/matchers/ThrowableCauseMatcher.java
./src/main/java/org/junit/internal/matchers/StacktracePrintingMatcher.java
./src/main/java/org/junit/internal/InexactComparisonCriteria.java
./src/main/java/org/junit/rules/ErrorCollector.java
./src/main/java/org/junit/rules/MethodRule.java
./src/main/java/org/junit/rules/Verifier.java
./src/main/java/org/junit/rules/TemporaryFolder.java
./src/main/java/org/junit/rules/RuleChain.java
./src/main/java/org/junit/rules/ExpectedExceptionMatcherBuilder.java
./src/main/java/org/junit/rules/ExpectedException.java
./src/main/java/org/junit/rules/Timeout.java
./src/main/java/org/junit/rules/TestName.java
./src/main/java/org/junit/rules/DisableOnDebug.java
./src/main/java/org/junit/rules/TestWatchman.java
./src/main/java/org/junit/rules/Stopwatch.java
./src/main/java/org/junit/rules/TestWatcher.java
./src/main/java/org/junit/rules/RunRules.java
./src/main/java/org/junit/rules/ExternalResource.java
./src/main/java/org/junit/rules/TestRule.java
./src/main/java/org/junit/Assume.java
./src/main/java/org/junit/Test.java
./src/main/java/org/junit/runner/JUnitCommandLineParseResult.java
./src/main/java/org/junit/runner/notification/RunListener.java
./src/main/java/org/junit/runner/notification/Failure.java
./src/main/java/org/junit/runner/notification/SynchronizedRunListener.java
./src/main/java/org/junit/runner/notification/StoppedByUserException.java
./src/main/java/org/junit/runner/notification/RunNotifier.java
./src/main/java/org/junit/runner/notification/package-info.java
./src/main/java/org/junit/runner/RunWith.java
./src/main/java/org/junit/runner/Request.java
./src/main/java/org/junit/runner/Runner.java
./src/main/java/org/junit/runner/Description.java
./src/main/java/org/junit/runner/manipulation/Sortable.java
./src/main/java/org/junit/runner/manipulation/Sorter.java
./src/main/java/org/junit/runner/manipulation/Filterable.java
./src/main/java/org/junit/runner/manipulation/Filter.java
./src/main/java/org/junit/runner/manipulation/package-info.java
./src/main/java/org/junit/runner/manipulation/NoTestsRemainException.java
./src/main/java/org/junit/runner/Result.java
./src/main/java/org/junit/runner/Computer.java
./src/main/java/org/junit/runner/package-info.java
./src/main/java/org/junit/runner/FilterFactories.java
./src/main/java/org/junit/runner/FilterFactory.java
./src/main/java/org/junit/runner/Describable.java
./src/main/java/org/junit/runner/JUnitCore.java
./src/main/java/org/junit/runner/FilterFactoryParams.java
./src/main/java/org/junit/experimental/runners/Enclosed.java
./src/main/java/org/junit/experimental/results/PrintableResult.java
./src/main/java/org/junit/experimental/results/ResultMatchers.java
./src/main/java/org/junit/experimental/results/FailureList.java
./src/main/java/org/junit/experimental/ParallelComputer.java
./src/main/java/org/junit/experimental/categories/Category.java
./src/main/java/org/junit/experimental/categories/Categories.java
./src/main/java/org/junit/experimental/categories/CategoryValidator.java
./src/main/java/org/junit/experimental/categories/CategoryFilterFactory.java
./src/main/java/org/junit/experimental/categories/ExcludeCategories.java
./src/main/java/org/junit/experimental/categories/IncludeCategories.java
./src/main/java/org/junit/experimental/theories/ParametersSuppliedBy.java
./src/main/java/org/junit/experimental/theories/ParameterSignature.java
./src/main/java/org/junit/experimental/theories/FromDataPoints.java
./src/main/java/org/junit/experimental/theories/suppliers/TestedOn.java
./src/main/java/org/junit/experimental/theories/suppliers/TestedOnSupplier.java
./src/main/java/org/junit/experimental/theories/internal/SpecificDataPointsSupplier.java
./src/main/java/org/junit/experimental/theories/internal/ParameterizedAssertionError.java
./src/main/java/org/junit/experimental/theories/internal/Assignments.java
./src/main/java/org/junit/experimental/theories/internal/AllMembersSupplier.java
./src/main/java/org/junit/experimental/theories/internal/EnumSupplier.java
./src/main/java/org/junit/experimental/theories/internal/BooleanSupplier.java
./src/main/java/org/junit/experimental/theories/ParameterSupplier.java
./src/main/java/org/junit/experimental/theories/PotentialAssignment.java
./src/main/java/org/junit/experimental/theories/Theories.java
./src/main/java/org/junit/experimental/theories/DataPoints.java
./src/main/java/org/junit/experimental/theories/Theory.java
./src/main/java/org/junit/experimental/theories/DataPoint.java
./src/main/java/org/junit/experimental/max/CouldNotReadCoreException.java
./src/main/java/org/junit/experimental/max/MaxCore.java
./src/main/java/org/junit/experimental/max/MaxHistory.java
./src/main/java/org/junit/After.java
./src/main/java/org/junit/package-info.java
./src/main/java/org/junit/FixMethodOrder.java
./src/main/java/org/junit/Rule.java
./src/main/java/org/junit/ComparisonFailure.java
./src/main/java/org/junit/matchers/JUnitMatchers.java
./src/main/java/org/junit/matchers/package-info.java
./src/main/java/org/junit/AfterClass.java
./src/test/java/junit/samples/SimpleTest.java
./src/test/java/junit/samples/money/IMoney.java
./src/test/java/junit/samples/money/MoneyBag.java
./src/test/java/junit/samples/money/MoneyTest.java
./src/test/java/junit/samples/money/package-info.java
./src/test/java/junit/samples/money/Money.java
./src/test/java/junit/samples/AllTests.java
./src/test/java/junit/samples/ListTest.java
./src/test/java/junit/samples/package-info.java
./src/test/java/junit/tests/AllTests.java
./src/test/java/junit/tests/extensions/AllTests.java
./src/test/java/junit/tests/extensions/RepeatedTestTest.java
./src/test/java/junit/tests/extensions/ActiveTestTest.java
./src/test/java/junit/tests/extensions/package-info.java
./src/test/java/junit/tests/extensions/ExtensionTest.java
./src/test/java/junit/tests/framework/ComparisonFailureTest.java
./src/test/java/junit/tests/framework/TestImplementorTest.java
./src/test/java/junit/tests/framework/NoTestCases.java
./src/test/java/junit/tests/framework/DoublePrecisionAssertTest.java
./src/test/java/junit/tests/framework/FloatAssertTest.java
./src/test/java/junit/tests/framework/NotVoidTestCase.java
./src/test/java/junit/tests/framework/TestCaseTest.java
./src/test/java/junit/tests/framework/TestListenerTest.java
./src/test/java/junit/tests/framework/AllTests.java
./src/test/java/junit/tests/framework/NoTestCaseClass.java
./src/test/java/junit/tests/framework/Failure.java
./src/test/java/junit/tests/framework/OverrideTestCase.java
./src/test/java/junit/tests/framework/Success.java
./src/test/java/junit/tests/framework/SuiteTest.java
./src/test/java/junit/tests/framework/AssertionFailedErrorTest.java
./src/test/java/junit/tests/framework/InheritedTestCase.java
./src/test/java/junit/tests/framework/NoArgTestCaseTest.java
./src/test/java/junit/tests/framework/package-info.java
./src/test/java/junit/tests/framework/AssertTest.java
./src/test/java/junit/tests/framework/ThreeTestCases.java
./src/test/java/junit/tests/framework/ComparisonCompactorTest.java
./src/test/java/junit/tests/framework/NotPublicTestCase.java
./src/test/java/junit/tests/framework/OneTestCase.java
./src/test/java/junit/tests/WasRun.java
./src/test/java/junit/tests/runner/ResultTest.java
./src/test/java/junit/tests/runner/StackFilterTest.java
./src/test/java/junit/tests/runner/TextFeedbackTest.java
./src/test/java/junit/tests/runner/AllTests.java
./src/test/java/junit/tests/runner/TextRunnerSingleMethodTest.java
./src/test/java/junit/tests/runner/BaseTestRunnerTest.java
./src/test/java/junit/tests/runner/package-info.java
./src/test/java/junit/tests/runner/TextRunnerTest.java
./src/test/java/junit/tests/package-info.java
./src/test/java/org/junit/runners/parameterized/TestWithParametersTest.java
./src/test/java/org/junit/runners/parameterized/ParameterizedNamesTest.java
./src/test/java/org/junit/runners/model/RunnerBuilderStub.java
./src/test/java/org/junit/runners/model/FrameworkMethodTest.java
./src/test/java/org/junit/runners/model/TestClassTest.java
./src/test/java/org/junit/runners/model/FrameworkFieldTest.java
./src/test/java/org/junit/samples/SimpleTest.java
./src/test/java/org/junit/samples/money/MoneyTest.java
./src/test/java/org/junit/samples/money/package-info.java
./src/test/java/org/junit/samples/ListTest.java
./src/test/java/org/junit/samples/package-info.java
./src/test/java/org/junit/tests/deprecated/JUnit4ClassRunnerTest.java
./src/test/java/org/junit/tests/TestSystem.java
./src/test/java/org/junit/tests/internal/runners/statements/FailOnTimeoutTest.java
./src/test/java/org/junit/tests/internal/runners/ErrorReportingRunnerTest.java
./src/test/java/org/junit/tests/AllTests.java
./src/test/java/org/junit/tests/validation/FailedConstructionTest.java
./src/test/java/org/junit/tests/validation/anotherpackage/Sub.java
./src/test/java/org/junit/tests/validation/anotherpackage/Super.java
./src/test/java/org/junit/tests/validation/BadlyFormedClassesTest.java
./src/test/java/org/junit/tests/validation/ValidationTest.java
./src/test/java/org/junit/tests/assertion/ComparisonFailureTest.java
./src/test/java/org/junit/tests/assertion/MultipleFailureExceptionTest.java
./src/test/java/org/junit/tests/assertion/AssertionTest.java
./src/test/java/org/junit/tests/listening/RunnerTest.java
./src/test/java/org/junit/tests/listening/TextListenerTest.java
./src/test/java/org/junit/tests/listening/TestListenerTest.java
./src/test/java/org/junit/tests/listening/UserStopTest.java
./src/test/java/org/junit/tests/listening/ListenerTest.java
./src/test/java/org/junit/tests/running/core/CommandLineTest.java
./src/test/java/org/junit/tests/running/core/SystemExitTest.java
./src/test/java/org/junit/tests/running/core/MainRunner.java
./src/test/java/org/junit/tests/running/core/JUnitCoreReturnsCorrectExitCodeTest.java
./src/test/java/org/junit/tests/running/methods/TimeoutTest.java
./src/test/java/org/junit/tests/running/methods/ParameterizedTestMethodTest.java
./src/test/java/org/junit/tests/running/methods/ExpectedTest.java
./src/test/java/org/junit/tests/running/methods/AnnotationTest.java
./src/test/java/org/junit/tests/running/methods/InheritedTestTest.java
./src/test/java/org/junit/tests/running/methods/TestMethodTest.java
./src/test/java/org/junit/tests/running/classes/EnclosedTest.java
./src/test/java/org/junit/tests/running/classes/RunWithTest.java
./src/test/java/org/junit/tests/running/classes/BlockJUnit4ClassRunnerTest.java
./src/test/java/org/junit/tests/running/classes/ParameterizedTestTest.java
./src/test/java/org/junit/tests/running/classes/IgnoreClassTest.java
./src/test/java/org/junit/tests/running/classes/SuiteTest.java
./src/test/java/org/junit/tests/running/classes/ParentRunnerTest.java
./src/test/java/org/junit/tests/running/classes/UseSuiteAsASuperclassTest.java
./src/test/java/org/junit/tests/running/classes/ClassLevelMethodsWithIgnoredTestsTest.java
./src/test/java/org/junit/tests/running/classes/ParentRunnerFilteringTest.java
./src/test/java/org/junit/tests/manipulation/SortableTest.java
./src/test/java/org/junit/tests/manipulation/SingleMethodTest.java
./src/test/java/org/junit/tests/manipulation/FilterTest.java
./src/test/java/org/junit/tests/manipulation/FilterableTest.java
./src/test/java/org/junit/tests/junit3compatibility/ForwardCompatibilityPrintingTest.java
./src/test/java/org/junit/tests/junit3compatibility/InitializationErrorForwardCompatibilityTest.java
./src/test/java/org/junit/tests/junit3compatibility/OldTests.java
./src/test/java/org/junit/tests/junit3compatibility/ForwardCompatibilityTest.java
./src/test/java/org/junit/tests/junit3compatibility/SuiteMethodTest.java
./src/test/java/org/junit/tests/junit3compatibility/JUnit38ClassRunnerTest.java
./src/test/java/org/junit/tests/junit3compatibility/OldTestClassAdaptingListenerTest.java
./src/test/java/org/junit/tests/junit3compatibility/AllTestsTest.java
./src/test/java/org/junit/tests/junit3compatibility/ClassRequestTest.java
./src/test/java/org/junit/tests/description/TestDescriptionTest.java
./src/test/java/org/junit/tests/description/TestDescriptionMethodNameTest.java
./src/test/java/org/junit/tests/description/AnnotatedDescriptionTest.java
./src/test/java/org/junit/tests/description/SuiteDescriptionTest.java
./src/test/java/org/junit/tests/experimental/ExperimentalTests.java
./src/test/java/org/junit/tests/experimental/results/ResultMatchersTest.java
./src/test/java/org/junit/tests/experimental/results/PrintableResultTest.java
./src/test/java/org/junit/tests/experimental/AssumptionTest.java
./src/test/java/org/junit/tests/experimental/rules/TimeoutRuleTest.java
./src/test/java/org/junit/tests/experimental/rules/TestWatchmanTest.java
./src/test/java/org/junit/tests/experimental/rules/RuleChainTest.java
./src/test/java/org/junit/tests/experimental/rules/ExternalResourceRuleTest.java
./src/test/java/org/junit/tests/experimental/rules/BlockJUnit4ClassRunnerOverrideTest.java
./src/test/java/org/junit/tests/experimental/rules/ClassRulesTest.java
./src/test/java/org/junit/tests/experimental/rules/LoggingTestWatcher.java
./src/test/java/org/junit/tests/experimental/rules/VerifierRuleTest.java
./src/test/java/org/junit/tests/experimental/rules/TempFolderRuleTest.java
./src/test/java/org/junit/tests/experimental/rules/TemporaryFolderRuleAssuredDeletionTest.java
./src/test/java/org/junit/tests/experimental/rules/TestWatcherTest.java
./src/test/java/org/junit/tests/experimental/rules/TemporaryFolderUsageTest.java
./src/test/java/org/junit/tests/experimental/rules/EventCollector.java
./src/test/java/org/junit/tests/experimental/rules/NameRulesTest.java
./src/test/java/org/junit/tests/experimental/rules/RuleMemberValidatorTest.java
./src/test/java/org/junit/tests/experimental/rules/TestRuleTest.java
./src/test/java/org/junit/tests/experimental/rules/ExpectedExceptionTest.java
./src/test/java/org/junit/tests/experimental/rules/MethodRulesTest.java
./src/test/java/org/junit/tests/experimental/categories/CategoryValidatorTest.java
./src/test/java/org/junit/tests/experimental/categories/MultiCategoryTest.java
./src/test/java/org/junit/tests/experimental/categories/JavadocTest.java
./src/test/java/org/junit/tests/experimental/categories/CategoriesAndParameterizedTest.java
./src/test/java/org/junit/tests/experimental/categories/CategoryTest.java
./src/test/java/org/junit/tests/experimental/theories/extendingwithstubs/Stub.java
./src/test/java/org/junit/tests/experimental/theories/extendingwithstubs/StubbedTheories.java
./src/test/java/org/junit/tests/experimental/theories/extendingwithstubs/Guesser.java
./src/test/java/org/junit/tests/experimental/theories/extendingwithstubs/GuesserQueue.java
./src/test/java/org/junit/tests/experimental/theories/extendingwithstubs/StubbedTheoriesTest.java
./src/test/java/org/junit/tests/experimental/theories/extendingwithstubs/ReguessableValue.java
./src/test/java/org/junit/tests/experimental/theories/extendingwithstubs/Correspondent.java
./src/test/java/org/junit/tests/experimental/theories/extendingwithstubs/StringableObject.java
./src/test/java/org/junit/tests/experimental/theories/extendingwithstubs/MethodCall.java
./src/test/java/org/junit/tests/experimental/theories/PotentialAssignmentTest.java
./src/test/java/org/junit/tests/experimental/theories/internal/SpecificDataPointsSupplierTest.java
./src/test/java/org/junit/tests/experimental/theories/internal/ParameterizedAssertionErrorTest.java
./src/test/java/org/junit/tests/experimental/theories/internal/AllMembersSupplierTest.java
./src/test/java/org/junit/tests/experimental/theories/TheoryTestUtils.java
./src/test/java/org/junit/tests/experimental/theories/AssumingInTheoriesTest.java
./src/test/java/org/junit/tests/experimental/theories/runner/WithAutoGeneratedDataPoints.java
./src/test/java/org/junit/tests/experimental/theories/runner/FailingDataPointMethods.java
./src/test/java/org/junit/tests/experimental/theories/runner/WithDataPointMethod.java
./src/test/java/org/junit/tests/experimental/theories/runner/UnsuccessfulWithDataPointFields.java
./src/test/java/org/junit/tests/experimental/theories/runner/WithNamedDataPoints.java
./src/test/java/org/junit/tests/experimental/theories/runner/WhenNoParametersMatch.java
./src/test/java/org/junit/tests/experimental/theories/runner/SuccessfulWithDataPointFields.java
./src/test/java/org/junit/tests/experimental/theories/runner/TypeMatchingBetweenMultiDataPointsMethod.java
./src/test/java/org/junit/tests/experimental/theories/runner/WithExtendedParameterSources.java
./src/test/java/org/junit/tests/experimental/theories/runner/WithOnlyTestAnnotations.java
./src/test/java/org/junit/tests/experimental/theories/runner/WithParameterSupplier.java
./src/test/java/org/junit/tests/experimental/theories/runner/WithUnresolvedGenericTypeVariablesOnTheoryParms.java
./src/test/java/org/junit/tests/experimental/theories/runner/TheoriesPerformanceTest.java
./src/test/java/org/junit/tests/experimental/theories/TestedOnSupplierTest.java
./src/test/java/org/junit/tests/experimental/theories/ParameterSignatureTest.java
./src/test/java/org/junit/tests/experimental/parallel/ParallelClassTest.java
./src/test/java/org/junit/tests/experimental/parallel/ParallelMethodTest.java
./src/test/java/org/junit/tests/experimental/max/JUnit38SortingTest.java
./src/test/java/org/junit/tests/experimental/max/DescriptionTest.java
./src/test/java/org/junit/tests/experimental/max/MaxStarterTest.java
./src/test/java/org/junit/tests/experimental/MatcherTest.java
./src/test/java/org/junit/tests/package-info.java
./src/test/java/org/junit/tests/ObjectContractTest.java
./src/test/java/org/junit/AssumptionViolatedExceptionTest.java
./src/test/java/org/junit/validator/AnnotationValidatorFactoryTest.java
./src/test/java/org/junit/validator/AnnotationsValidatorTest.java
./src/test/java/org/junit/validator/PublicClassValidatorTest.java
./src/test/java/org/junit/internal/MethodSorterTest.java
./src/test/java/org/junit/internal/builders/AnnotatedBuilderTest.java
./src/test/java/org/junit/internal/matchers/StacktracePrintingMatcherTest.java
./src/test/java/org/junit/internal/matchers/ThrowableCauseMatcherTest.java
./src/test/java/org/junit/rules/StopwatchTest.java
./src/test/java/org/junit/rules/DisableOnDebugTest.java
./src/test/java/org/junit/runner/JUnitCoreTest.java
./src/test/java/org/junit/runner/JUnitCommandLineParseResultTest.java
./src/test/java/org/junit/runner/notification/RunNotifierTest.java
./src/test/java/org/junit/runner/notification/SynchronizedRunListenerTest.java
./src/test/java/org/junit/runner/notification/ConcurrentRunNotifierTest.java
./src/test/java/org/junit/runner/FilterFactoriesTest.java
./src/test/java/org/junit/runner/FilterOptionIntegrationTest.java
./src/test/java/org/junit/runner/RunnerSpy.java
./src/test/java/org/junit/experimental/categories/CategoryFilterFactoryTest.java
